2022/12/29 22:51:40 {"callers":["/Users/huberyyang/Documents/study/blog/service/main.go : 25 main.init.0"],"level":"info","message":"eddycjy: go-programming-tour-book/blog-service","time":1672325500813265000}
2023/01/01 22:12:23 {"callers":["/Users/huberyyang/Documents/study/blog/service/main.go : 25 main.init.0"],"level":"info","message":"eddycjy: go-programming-tour-book/blog-service","time":1672582343683789000}
2023/01/01 22:19:03 {"callers":["/Users/huberyyang/Documents/study/blog/service/main.go : 25 main.init.0"],"level":"info","message":"eddycjy: go-programming-tour-book/blog-service","time":1672582743273457000}
2023/01/04 20:39:27 {"callers":["/Users/huberyyang/Documents/study/blog/service/main.go : 25 main.init.0"],"level":"fatal","message":"app.BindAndValid:State必须是[0 1]中的一个","time":1672835967257829000}
2023/01/04 20:40:18 {"callers":["/Users/huberyyang/Documents/study/blog/service/main.go : 25 main.init.0"],"level":"fatal","message":"app.BindAndValid:State必须是[0 1]中的一个","time":1672836018068421000}
2023/01/04 20:50:57 {"callers":["/Users/huberyyang/Documents/study/blog/service/main.go : 25 main.init.0"],"level":"info","message":"app.BindAndValid:State必须是[0 1]中的一个","time":1672836657006049000}
2023/01/04 20:56:32 {"callers":["/Users/huberyyang/Documents/study/blog/service/main.go : 25 main.init.0"],"level":"info","message":"app.BindAndValid:State必须是[0 1]中的一个","time":1672836992387060000}
2023/01/04 20:56:39 {"callers":["/Users/huberyyang/Documents/study/blog/service/main.go : 25 main.init.0"],"level":"info","message":"app.BindAndValid:State必须是[0 1]中的一个","time":1672836999303407000}
2023/01/04 21:00:23 {"callers":["/Users/huberyyang/Documents/study/blog/service/main.go : 25 main.init.0"],"level":"info","message":"app.BindAndValid:State必须是[0 1]中的一个","time":1672837223369392000}
2023/01/08 14:33:49 {"callers":["/Users/huberyyang/Documents/study/blog/service/main.go : 25 main.init.0"],"level":"error","message":"srv.CreateTag errs:","time":1673159629651440000}
2023/01/08 14:33:57 {"callers":["/Users/huberyyang/Documents/study/blog/service/main.go : 25 main.init.0"],"level":"error","message":"srv.CreateTag errs:","time":1673159637761230000}
2023/01/08 14:34:12 {"callers":["/Users/huberyyang/Documents/study/blog/service/main.go : 25 main.init.0"],"level":"error","message":"srv.CreateTag errs:","time":1673159652505634000}
2023/01/08 14:34:42 {"callers":["/Users/huberyyang/Documents/study/blog/service/main.go : 25 main.init.0"],"level":"error","message":"srv.CreateTag errs:","time":1673159682577365000}
2023/01/08 14:36:29 {"callers":["/Users/huberyyang/Documents/study/blog/service/main.go : 25 main.init.0"],"level":"error","message":"srv.CreateTag errs:","time":1673159789874094000}
2023/01/08 15:28:34 {"callers":["/Users/huberyyang/Documents/study/blog/service/main.go : 25 main.init.0"],"level":"error","message":"app.BindAndValid errs:State为必填字段","time":1673162914816470000}
2023/01/08 15:28:49 {"callers":["/Users/huberyyang/Documents/study/blog/service/main.go : 25 main.init.0"],"level":"error","message":"app.BindAndValid errs:State为必填字段","time":1673162929801961000}
2023/01/08 15:35:35 {"callers":["/Users/huberyyang/Documents/study/blog/service/main.go : 25 main.init.0"],"level":"error","message":"srv.UpdateTag errs:","time":1673163335825657000}
2023/01/08 15:35:46 {"callers":["/Users/huberyyang/Documents/study/blog/service/main.go : 25 main.init.0"],"level":"error","message":"srv.UpdateTag errs:","time":1673163346350115000}
2023/01/08 15:35:55 {"callers":["/Users/huberyyang/Documents/study/blog/service/main.go : 25 main.init.0"],"level":"error","message":"srv.UpdateTag errs:","time":1673163355372662000}
2023/01/08 15:36:08 {"callers":["/Users/huberyyang/Documents/study/blog/service/main.go : 25 main.init.0"],"level":"error","message":"srv.UpdateTag errs:","time":1673163368198737000}
2023/01/08 21:13:51 {"callers":["/Users/huberyyang/Documents/study/blog/service/main.go : 25 main.init.0"],"level":"error","message":"app.BindAndValid errs:Content长度必须至少为10个字符,CoverImageUrl长度必须至少为5个字符,CreatedBy为必填字段,Desc长度必须至少为10个字符","time":1673183631612650000}
2023/01/08 21:14:17 {"callers":["/Users/huberyyang/Documents/study/blog/service/main.go : 25 main.init.0"],"level":"error","message":"app.BindAndValid errs:Desc长度必须至少为10个字符,Content长度必须至少为10个字符,CoverImageUrl长度必须至少为5个字符,CreatedBy为必填字段","time":1673183657771063000}
2023/01/08 21:14:47 {"callers":["/Users/huberyyang/Documents/study/blog/service/main.go : 25 main.init.0"],"level":"error","message":"app.BindAndValid errs:Desc长度必须至少为10个字符,Content长度必须至少为10个字符,CoverImageUrl长度必须至少为5个字符,CreatedBy为必填字段","time":1673183687181907000}
2023/01/08 21:17:28 {"callers":["/Users/huberyyang/Documents/study/blog/service/main.go : 25 main.init.0"],"level":"error","message":"app.BindAndValid errs:Desc长度必须至少为10个字符,Content长度必须至少为10个字符,CoverImageUrl长度必须至少为5个字符,CreatedBy为必填字段","time":1673183848305519000}
2023/01/08 21:20:01 {"callers":["/Users/huberyyang/Documents/study/blog/service/main.go : 25 main.init.0"],"level":"error","message":"app.BindAndValid errs:Desc长度必须至少为10个字符","time":1673184001109290000}
2023/01/08 21:20:14 {"callers":["/Users/huberyyang/Documents/study/blog/service/main.go : 25 main.init.0"],"level":"error","message":"app.BindAndValid errs:Desc长度必须至少为10个字符","time":1673184014340764000}
